[CONSOLAB] Media Engine running on port 7821
[CONSOLAB] Auto-generating all media artifacts...
[FLYER] usa-01-challenge.html → c5c9235bc71e8dcb1e37db91e7eb8e707f8727531125872f6a1e72ebf3a19d21
[FLYER] usa-02-proof.html → 69071b8b38d4419e6f431534dd4540fe5bd321f7a7efadd6f0d4016d355838bf
[FLYER] usa-03-conversion.html → 7ea510c3ddce5929c4b7f6a4c0d12af6612694ec3ccbf2897fcb381081d18930
[FLYER] dubai-01-authority.html → f11a7c028154b84d28f1146b26be1cc8dcf4019170350512e9f6e89e8b1eda7a
[FLYER] dubai-02-financial.html → be121e6ea86468ab2505b78ae118a749a92154f9ebfef5b0608a313e0597e125
[FLYER] dubai-03-control.html → aac0e863269f4f5669c8eae97fb70faf2bd14e7866f0dac05ae55473999ad5c5
[STAMP] stamp-usa-1777344683127.html → bfe03887d6f125be8621265be4e0396db68f725f89e2bbda3e5e9dc63ff8f8e6
[CERT] cert-usa-1777344683127.html → a3aca76e8e0b724dc3de33131aca86dd9e854a7d7d80757e976cd381ee587f3a
[RECEIPT] receipt-usa-1777344683128.html → 75e26eacd433028f9f9510cfc7913e2f13a21a75607373dd4c4ad1b4fc0800bd
[CONSOLAB] All artifacts generated.
[CONSOLAB] Media Engine v2 (modular) running on port 7821
[CONSOLAB] Bootstrapping all skill artifacts...
[CONSOLAB]  ✓ flyer/usa/challenge → bd25b6de839b5725...
[CONSOLAB]  ✓ flyer/usa/proof → c174a20c20940346...
[CONSOLAB]  ✓ flyer/usa/conversion → c38545d621b5ca0d...
[CONSOLAB]  ✓ flyer/dubai/authority → b825c84d2d4983b0...
[CONSOLAB]  ✓ flyer/dubai/financial → 03d4cee61b59ec58...
[CONSOLAB]  ✓ flyer/dubai/control → 529f80251b864632...
[CONSOLAB]  ✓ stamp → c1c9cbb374afcb65...
[CONSOLAB]  ✓ certificate → f67784c784ac3aec...
[CONSOLAB]  ✓ receipt → 1040cc43c9e24a02...
[CONSOLAB] Bootstrap complete.
